<?xml version="1.0" encoding="UTF-8"?>
<!-- Generated by org.testng.reporters.JUnitReportReporter -->
<testsuite skipped="0" hostname="MIRA" name="script.SampleTest" tests="1" failures="0" timestamp="16 May 2017 07:33:28 GMT" time="0.002" errors="0">
  <testcase name="testSample" time="0.002" classname="script.SampleTest"/>
</testsuite> <!-- script.SampleTest -->
